<?xml version="1.0" encoding="UTF-8"?>
<!-- Generated by org.testng.reporters.JUnitReportReporter -->
<testsuite hostname="Saurabhs-MacBook-Pro.local" failures="0" tests="1" name="org.example.YouTubeVideoPlayerPageTest" time="14.892" errors="0" timestamp="2023-05-04T17:49:03 IST" skipped="0">
  <testcase classname="org.example.YouTubeVideoPlayerPageTest" name="testAddToPlaylist" time="14.892"/>
  <system-out/>
</testsuite> <!-- org.example.YouTubeVideoPlayerPageTest -->
